# JRE version: OpenJDK Runtime Environment (8.0_131-b11) (build 1.8.0_131-8u131-b11-2ubuntu1.16.04.3-b11)
# Java VM: OpenJDK 64-Bit Server VM (25.131-b11 mixed mode linux-amd64 compressed oops)
Heap:
 PSYoungGen      total 263168K, used 65963K [0x00000000eab00000, 0x00000000ffb00000, 0x0000000100000000)
  eden space 187904K, 22% used [0x00000000eab00000,0x00000000ed3bf200,0x00000000f6280000)
  from space 75264K, 32% used [0x00000000f6280000,0x00000000f7a2bb98,0x00000000fac00000)
  to   space 71168K, 0% used [0x00000000fb580000,0x00000000fb580000,0x00000000ffb00000)
 ParOldGen       total 636928K, used 109960K [0x00000000c0000000, 0x00000000e6e00000, 0x00000000eab00000)
  object space 636928K, 17% used [0x00000000c0000000,0x00000000c6b62378,0x00000000e6e00000)
 Metaspace       used 83397K, capacity 84176K, committed 84568K, reserved 1120256K
  class space    used 13600K, capacity 13816K, committed 13912K, reserved 1048576K
GC Heap History (10 events):
Event: 9,788 GC heap before
{Heap before GC invocations=16 (full 5):
 PSYoungGen      total 251904K, used 178176K [0x00000000eab00000, 0x0000000100000000, 0x0000000100000000)
  eden space 178176K, 100% used [0x00000000eab00000,0x00000000f5900000,0x00000000f5900000)
  from space 73728K, 0% used [0x00000000fb800000,0x00000000fb800000,0x0000000100000000)
  to   space 85504K, 0% used [0x00000000f5900000,0x00000000f5900000,0x00000000fac80000)
 ParOldGen       total 636928K, used 109920K [0x00000000c0000000, 0x00000000e6e00000, 0x00000000eab00000)
  object space 636928K, 17% used [0x00000000c0000000,0x00000000c6b58378,0x00000000e6e00000)
 Metaspace       used 73271K, capacity 73816K, committed 74200K, reserved 1110016K
  class space    used 12535K, capacity 12716K, committed 12760K, reserved 1048576K
Event: 9,793 GC heap after
Heap after GC invocations=16 (full 5):
 PSYoungGen      total 263680K, used 8969K [0x00000000eab00000, 0x0000000100000000, 0x0000000100000000)
  eden space 178176K, 0% used [0x00000000eab00000,0x00000000eab00000,0x00000000f5900000)
  from space 85504K, 10% used [0x00000000f5900000,0x00000000f61c26b0,0x00000000fac80000)
  to   space 84992K, 0% used [0x00000000fad00000,0x00000000fad00000,0x0000000100000000)
 ParOldGen       total 636928K, used 109928K [0x00000000c0000000, 0x00000000e6e00000, 0x00000000eab00000)
  object space 636928K, 17% used [0x00000000c0000000,0x00000000c6b5a378,0x00000000e6e00000)
 Metaspace       used 73271K, capacity 73816K, committed 74200K, reserved 1110016K
  class space    used 12535K, capacity 12716K, committed 12760K, reserved 1048576K
}
Event: 10,417 GC heap before
{Heap before GC invocations=17 (full 5):
 PSYoungGen      total 263680K, used 187145K [0x00000000eab00000, 0x0000000100000000, 0x0000000100000000)
  eden space 178176K, 100% used [0x00000000eab00000,0x00000000f5900000,0x00000000f5900000)
  from space 85504K, 10% used [0x00000000f5900000,0x00000000f61c26b0,0x00000000fac80000)
  to   space 84992K, 0% used [0x00000000fad00000,0x00000000fad00000,0x0000000100000000)
 ParOldGen       total 636928K, used 109928K [0x00000000c0000000, 0x00000000e6e00000, 0x00000000eab00000)
  object space 636928K, 17% used [0x00000000c0000000,0x00000000c6b5a378,0x00000000e6e00000)
 Metaspace       used 76193K, capacity 76806K, committed 77144K, reserved 1114112K
  class space    used 12956K, capacity 13137K, committed 13144K, reserved 1048576K
Event: 10,426 GC heap after
Heap after GC invocations=17 (full 5):
 PSYoungGen      total 258048K, used 14446K [0x00000000eab00000, 0x00000000ffa80000, 0x0000000100000000)
  eden space 178688K, 0% used [0x00000000eab00000,0x00000000eab00000,0x00000000f5980000)
  from space 79360K, 18% used [0x00000000fad00000,0x00000000fbb1bb50,0x00000000ffa80000)
  to   space 82432K, 0% used [0x00000000f5980000,0x00000000f5980000,0x00000000faa00000)
 ParOldGen       total 636928K, used 109936K [0x00000000c0000000, 0x00000000e6e00000, 0x00000000eab00000)
  object space 636928K, 17% used [0x00000000c0000000,0x00000000c6b5c378,0x00000000e6e00000)
 Metaspace       used 76193K, capacity 76806K, committed 77144K, reserved 1114112K
  class space    used 12956K, capacity 13137K, committed 13144K, reserved 1048576K
}
Event: 14,775 GC heap before
{Heap before GC invocations=18 (full 5):
 PSYoungGen      total 258048K, used 193134K [0x00000000eab00000, 0x00000000ffa80000, 0x0000000100000000)
  eden space 178688K, 100% used [0x00000000eab00000,0x00000000f5980000,0x00000000f5980000)
  from space 79360K, 18% used [0x00000000fad00000,0x00000000fbb1bb50,0x00000000ffa80000)
  to   space 82432K, 0% used [0x00000000f5980000,0x00000000f5980000,0x00000000faa00000)
 ParOldGen       total 636928K, used 109936K [0x00000000c0000000, 0x00000000e6e00000, 0x00000000eab00000)
  object space 636928K, 17% used [0x00000000c0000000,0x00000000c6b5c378,0x00000000e6e00000)
 Metaspace       used 79310K, capacity 80028K, committed 80472K, reserved 1116160K
  class space    used 13350K, capacity 13536K, committed 13656K, reserved 1048576K
Event: 14,785 GC heap after
Heap after GC invocations=18 (full 5):
 PSYoungGen      total 261120K, used 20748K [0x00000000eab00000, 0x00000000ffc00000, 0x0000000100000000)
  eden space 178688K, 0% used [0x00000000eab00000,0x00000000eab00000,0x00000000f5980000)
  from space 82432K, 25% used [0x00000000f5980000,0x00000000f6dc3360,0x00000000faa00000)
  to   space 78848K, 0% used [0x00000000faf00000,0x00000000faf00000,0x00000000ffc00000)
 ParOldGen       total 636928K, used 109944K [0x00000000c0000000, 0x00000000e6e00000, 0x00000000eab00000)
  object space 636928K, 17% used [0x00000000c0000000,0x00000000c6b5e378,0x00000000e6e00000)
 Metaspace       used 79310K, capacity 80028K, committed 80472K, reserved 1116160K
  class space    used 13350K, capacity 13536K, committed 13656K, reserved 1048576K
}
Event: 663,293 GC heap before
{Heap before GC invocations=19 (full 5):
 PSYoungGen      total 261120K, used 199436K [0x00000000eab00000, 0x00000000ffc00000, 0x0000000100000000)
  eden space 178688K, 100% used [0x00000000eab00000,0x00000000f5980000,0x00000000f5980000)
  from space 82432K, 25% used [0x00000000f5980000,0x00000000f6dc3360,0x00000000faa00000)
  to   space 78848K, 0% used [0x00000000faf00000,0x00000000faf00000,0x00000000ffc00000)
 ParOldGen       total 636928K, used 109944K [0x00000000c0000000, 0x00000000e6e00000, 0x00000000eab00000)
  object space 636928K, 17% used [0x00000000c0000000,0x00000000c6b5e378,0x00000000e6e00000)
 Metaspace       used 81499K, capacity 82254K, committed 82648K, reserved 1118208K
  class space    used 13474K, capacity 13683K, committed 13784K, reserved 1048576K
Event: 663,311 GC heap after
Heap after GC invocations=19 (full 5):
 PSYoungGen      total 260096K, used 19870K [0x00000000eab00000, 0x00000000ff580000, 0x0000000100000000)
  eden space 187904K, 0% used [0x00000000eab00000,0x00000000eab00000,0x00000000f6280000)
  from space 72192K, 27% used [0x00000000faf00000,0x00000000fc267998,0x00000000ff580000)
  to   space 75264K, 0% used [0x00000000f6280000,0x00000000f6280000,0x00000000fac00000)
 ParOldGen       total 636928K, used 109952K [0x00000000c0000000, 0x00000000e6e00000, 0x00000000eab00000)
  object space 636928K, 17% used [0x00000000c0000000,0x00000000c6b60378,0x00000000e6e00000)
 Metaspace       used 81499K, capacity 82254K, committed 82648K, reserved 1118208K
  class space    used 13474K, capacity 13683K, committed 13784K, reserved 1048576K
}
Event: 825,796 GC heap before
{Heap before GC invocations=20 (full 5):
 PSYoungGen      total 260096K, used 207774K [0x00000000eab00000, 0x00000000ff580000, 0x0000000100000000)
  eden space 187904K, 100% used [0x00000000eab00000,0x00000000f6280000,0x00000000f6280000)
  from space 72192K, 27% used [0x00000000faf00000,0x00000000fc267998,0x00000000ff580000)
  to   space 75264K, 0% used [0x00000000f6280000,0x00000000f6280000,0x00000000fac00000)
 ParOldGen       total 636928K, used 109952K [0x00000000c0000000, 0x00000000e6e00000, 0x00000000eab00000)
  object space 636928K, 17% used [0x00000000c0000000,0x00000000c6b60378,0x00000000e6e00000)
 Metaspace       used 83324K, capacity 84112K, committed 84568K, reserved 1120256K
  class space    used 13595K, capacity 13816K, committed 13912K, reserved 1048576K
Event: 825,806 GC heap after
Heap after GC invocations=20 (full 5):
 PSYoungGen      total 263168K, used 24238K [0x00000000eab00000, 0x00000000ffb00000, 0x0000000100000000)
  eden space 187904K, 0% used [0x00000000eab00000,0x00000000eab00000,0x00000000f6280000)
  from space 75264K, 32% used [0x00000000f6280000,0x00000000f7a2bb98,0x00000000fac00000)
  to   space 71168K, 0% used [0x00000000fb580000,0x00000000fb580000,0x00000000ffb00000)
 ParOldGen       total 636928K, used 109960K [0x00000000c0000000, 0x00000000e6e00000, 0x00000000eab00000)
  object space 636928K, 17% used [0x00000000c0000000,0x00000000c6b62378,0x00000000e6e00000)
 Metaspace       used 83324K, capacity 84112K, committed 84568K, reserved 1120256K
  class space    used 13595K, capacity 13816K, committed 13912K, reserved 1048576K
}

